<?xml version="1.0" encoding="UTF-8"?>
<testng-results skipped="0" failed="0" total="1" passed="1">
  <reporter-output>
  </reporter-output>
  <suite name="Default suite" duration-ms="83" started-at="2018-06-13T04:06:21Z" finished-at="2018-06-13T04:06:21Z">
    <groups>
    </groups>
    <test name="Default test" duration-ms="83" started-at="2018-06-13T04:06:21Z" finished-at="2018-06-13T04:06:21Z">
      <class name="com.maven.example.SolutionTest">
        <test-method status="PASS" signature="initialize()[pri:0, instance:com.maven.example.SolutionTest@5b1d2887]" name="initialize" is-config="true" duration-ms="31" started-at="2018-06-12T21:06:21Z" finished-at="2018-06-12T21:06:21Z">
          <reporter-output>
          </reporter-output>
        </test-method> <!-- initialize -->
        <test-method status="PASS" signature="testMinByKey()[pri:0, instance:com.maven.example.SolutionTest@5b1d2887]" name="testMinByKey" duration-ms="30" started-at="2018-06-12T21:06:21Z" finished-at="2018-06-12T21:06:21Z">
          <reporter-output>
          </reporter-output>
        </test-method> <!-- testMinByKey -->
      </class> <!-- com.maven.example.SolutionTest -->
    </test> <!-- Default test -->
  </suite> <!-- Default suite -->
</testng-results>
